<?xml version="1.0" encoding="UTF-8"?>
<!-- Generated by org.testng.reporters.JUnitXMLReporter -->
<testsuite hostname="SYS_1" ignored="0" name="Test" tests="3" failures="0" timestamp="16 Apr 2018 05:32:58 GMT" time="48.954" errors="0">
  <testcase name="tc_VerifyChangePswdLnk" time="16.382" classname="com.TestCases.TC_001_VerifyChngPswdLnk"/>
  <testcase name="tc_ClickChange_Password" time="14.145" classname="com.TestCases.TC_002_ClickChangePassword"/>
  <testcase name="tc_VerifyFieldsUnderPswd" time="15.975" classname="com.TestCases.TC_003_FieldsUnderChangePswd"/>
</testsuite> <!-- Test -->
