<?xml version="1.0" encoding="UTF-8"?>
<testng-results skipped="0" failed="0" ignored="0" total="1" passed="1">
  <reporter-output>
  </reporter-output>
  <suite name="Suite" duration-ms="40675" started-at="2018-05-19T03:18:50Z" finished-at="2018-05-19T03:19:30Z">
    <groups>
    </groups>
    <test name="Test" duration-ms="40675" started-at="2018-05-19T03:18:50Z" finished-at="2018-05-19T03:19:30Z">
      <class name="com.TestCases.Tc_01_Registration">
        <test-method status="PASS" signature="fill_Registration_Form()[pri:0, instance:com.TestCases.Tc_01_Registration@3ffc5af1]" name="fill_Registration_Form" duration-ms="34356" started-at="2018-05-19T08:48:51Z" finished-at="2018-05-19T08:49:26Z">
          <reporter-output>
          </reporter-output>
        </test-method> <!-- fill_Registration_Form -->
      </class> <!-- com.TestCases.Tc_01_Registration -->
    </test> <!-- Test -->
  </suite> <!-- Suite -->
</testng-results>
